10-02-21 14:55:27: ListAsync(); // KillBottt#1368
10-02-21 16:05:26: UpdateMapStatusAsync("https://osu.ppy.sh/beatmapsets/1498150", "Need hitsounds + Modding"); // xBombZ#6843
10-04-21 09:44:21: ListAsync(); // KillBottt#1368
10-04-21 11:04:08: ListAsync(); // KillBottt#1368
10-04-21 14:32:33: UpdateMapStatusAsync("1498150", "Need mods and hitsounds"); // KillBottt#1368
10-04-21 14:32:58: ListAsync(); // Cra Dow#9683
10-05-21 01:25:07: UpdateMapStatusAsync("1498150", "Needs mods/BNs"); // xBombZ#6843
10-05-21 05:47:11: ListAsync(); // KillBottt#1368
10-12-21 16:43:52: InfoAsync(); // HuggedToDeath#2456
10-12-21 16:44:44: AddMapAsync("https://osu.ppy.sh/beatmapsets/1574489#mania/3214819", ""Need mods, storyboard still WIP but everything else is done""); // HuggedToDeath#2456
10-12-21 16:45:50: AddNominatorAsync("1520393", "4647754"); // KillBottt#1368
10-12-21 16:46:04: ShowAsync("1520393"); // KillBottt#1368
10-12-21 17:11:50: AddNominatorAsync("1520393", "7560872"); // Cra Dow#9683
10-12-21 17:12:08: ShowAsync("1520393"); // Cra Dow#9683
10-12-21 17:14:01: UpdateMapStatusAsync("1520393", "Accepting final mods before BN check."); // Cra Dow#9683
10-12-21 17:14:30: UpdateMapStatusAsync("1520393", "Revising final mods before BN check."); // Cra Dow#9683
10-12-21 17:14:43: ShowAsync("1520393"); // Cra Dow#9683
10-12-21 17:18:23: UpdateMapStatusAsync("https://osu.ppy.sh/beatmapsets/1520393", ""BN Time?!""); // HuggedToDeath#2456
10-12-21 17:20:21: ShowAsync("1520393"); // Cra Dow#9683
10-12-21 17:20:58: ListAsync(); // Cra Dow#9683
10-12-21 17:22:59: UpdateMapStatusAsync("1102223", "Qualified: Waiting for the ranking countdown to finish..."); // Cra Dow#9683
10-12-21 17:23:18: ShowAsync("1102223"); // Cra Dow#9683
10-15-21 05:10:05: ListAsync(); // HuggedToDeath#2456
10-19-21 11:53:09: RemoveMapAsync("Akikaze no Answer (Cut Ver.)"); // KillBottt#1368
10-19-21 11:53:26: ListAsync(); // KillBottt#1368
10-19-21 19:30:44: UpdateMapStatusAsync("https://osu.ppy.sh/beatmapsets/1520393", "Very busy IRL rn, need to find time to resolve current mods"); // HuggedToDeath#2456
10-26-21 14:44:26: ListAsync(); // KillBottt#1368
10-26-21 14:45:26: ListAsync(); // KillBottt#1368
